mode: atomic
github.com/KarolosLykos/json-validation-service/internal/api/server/handlers/handlers.go:21.59,26.2 1 10
github.com/KarolosLykos/json-validation-service/internal/api/server/handlers/handlers.go:36.45,37.54 1 3
github.com/KarolosLykos/json-validation-service/internal/api/server/handlers/handlers.go:37.54,46.17 6 3
github.com/KarolosLykos/json-validation-service/internal/api/server/handlers/handlers.go:52.3,52.72 1 3
github.com/KarolosLykos/json-validation-service/internal/api/server/handlers/handlers.go:58.3,58.72 1 1
github.com/KarolosLykos/json-validation-service/internal/api/server/handlers/handlers.go:46.17,50.4 2 0
github.com/KarolosLykos/json-validation-service/internal/api/server/handlers/handlers.go:52.72,56.4 2 2
github.com/KarolosLykos/json-validation-service/internal/api/server/handlers/handlers.go:62.47,63.54 1 3
github.com/KarolosLykos/json-validation-service/internal/api/server/handlers/handlers.go:63.54,70.17 5 3
github.com/KarolosLykos/json-validation-service/internal/api/server/handlers/handlers.go:76.3,76.67 1 1
github.com/KarolosLykos/json-validation-service/internal/api/server/handlers/handlers.go:70.17,74.4 2 2
github.com/KarolosLykos/json-validation-service/internal/api/server/handlers/handlers.go:80.47,81.54 1 4
github.com/KarolosLykos/json-validation-service/internal/api/server/handlers/handlers.go:81.54,89.66 5 4
github.com/KarolosLykos/json-validation-service/internal/api/server/handlers/handlers.go:95.3,95.70 1 3
github.com/KarolosLykos/json-validation-service/internal/api/server/handlers/handlers.go:101.3,101.69 1 1
github.com/KarolosLykos/json-validation-service/internal/api/server/handlers/handlers.go:89.66,93.4 2 1
github.com/KarolosLykos/json-validation-service/internal/api/server/handlers/handlers.go:95.70,99.4 2 2
github.com/KarolosLykos/json-validation-service/internal/api/server/handlers/handlers.go:105.82,108.9 2 7
github.com/KarolosLykos/json-validation-service/internal/api/server/handlers/handlers.go:120.2,131.16 5 7
github.com/KarolosLykos/json-validation-service/internal/api/server/handlers/handlers.go:135.2,136.16 2 7
github.com/KarolosLykos/json-validation-service/internal/api/server/handlers/handlers.go:114.4,115.37 1 4
github.com/KarolosLykos/json-validation-service/internal/api/server/handlers/handlers.go:116.50,117.35 1 1
github.com/KarolosLykos/json-validation-service/internal/api/server/handlers/handlers.go:131.16,133.3 1 0
github.com/KarolosLykos/json-validation-service/internal/api/server/handlers/handlers.go:136.16,138.3 1 0
github.com/KarolosLykos/json-validation-service/internal/api/server/handlers/handlers.go:141.107,151.20 4 3
github.com/KarolosLykos/json-validation-service/internal/api/server/handlers/handlers.go:155.2,156.16 2 3
github.com/KarolosLykos/json-validation-service/internal/api/server/handlers/handlers.go:160.2,161.16 2 3
github.com/KarolosLykos/json-validation-service/internal/api/server/handlers/handlers.go:151.20,153.3 1 1
github.com/KarolosLykos/json-validation-service/internal/api/server/handlers/handlers.go:156.16,158.3 1 0
github.com/KarolosLykos/json-validation-service/internal/api/server/handlers/handlers.go:161.16,163.3 1 0
github.com/KarolosLykos/json-validation-service/internal/api/server/handlers/handlers.go:166.43,167.28 1 10
github.com/KarolosLykos/json-validation-service/internal/api/server/handlers/handlers.go:173.2,173.14 1 5
github.com/KarolosLykos/json-validation-service/internal/api/server/handlers/handlers.go:167.28,168.27 1 26
github.com/KarolosLykos/json-validation-service/internal/api/server/handlers/handlers.go:168.27,170.4 1 5
github.com/KarolosLykos/json-validation-service/internal/service/validator/validator.go:27.65,32.2 1 13
github.com/KarolosLykos/json-validation-service/internal/service/validator/validator.go:34.86,38.63 3 4
github.com/KarolosLykos/json-validation-service/internal/service/validator/validator.go:42.2,42.65 1 3
github.com/KarolosLykos/json-validation-service/internal/service/validator/validator.go:50.2,50.12 1 1
github.com/KarolosLykos/json-validation-service/internal/service/validator/validator.go:38.63,40.3 1 1
github.com/KarolosLykos/json-validation-service/internal/service/validator/validator.go:42.65,43.78 1 2
github.com/KarolosLykos/json-validation-service/internal/service/validator/validator.go:47.3,47.62 1 1
github.com/KarolosLykos/json-validation-service/internal/service/validator/validator.go:43.78,45.4 1 1
github.com/KarolosLykos/json-validation-service/internal/service/validator/validator.go:53.90,57.16 3 3
github.com/KarolosLykos/json-validation-service/internal/service/validator/validator.go:65.2,65.15 1 1
github.com/KarolosLykos/json-validation-service/internal/service/validator/validator.go:57.16,58.45 1 2
github.com/KarolosLykos/json-validation-service/internal/service/validator/validator.go:62.3,62.68 1 1
github.com/KarolosLykos/json-validation-service/internal/service/validator/validator.go:58.45,60.4 1 1
github.com/KarolosLykos/json-validation-service/internal/service/validator/validator.go:68.112,76.16 5 6
github.com/KarolosLykos/json-validation-service/internal/service/validator/validator.go:80.2,82.76 2 5
github.com/KarolosLykos/json-validation-service/internal/service/validator/validator.go:86.2,87.16 2 4
github.com/KarolosLykos/json-validation-service/internal/service/validator/validator.go:91.2,91.66 1 4
github.com/KarolosLykos/json-validation-service/internal/service/validator/validator.go:95.2,95.12 1 1
github.com/KarolosLykos/json-validation-service/internal/service/validator/validator.go:76.16,78.3 1 1
github.com/KarolosLykos/json-validation-service/internal/service/validator/validator.go:82.76,84.3 1 1
github.com/KarolosLykos/json-validation-service/internal/service/validator/validator.go:87.16,89.3 1 0
github.com/KarolosLykos/json-validation-service/internal/service/validator/validator.go:91.66,93.3 1 3
github.com/KarolosLykos/json-validation-service/internal/service/validator/validator.go:99.44,101.34 2 7
github.com/KarolosLykos/json-validation-service/internal/service/validator/validator.go:101.34,103.16 2 8
github.com/KarolosLykos/json-validation-service/internal/service/validator/validator.go:108.3,108.36 1 6
github.com/KarolosLykos/json-validation-service/internal/service/validator/validator.go:103.16,105.12 2 2
github.com/KarolosLykos/json-validation-service/internal/service/validator/validator.go:110.31,111.18 1 1
github.com/KarolosLykos/json-validation-service/internal/service/validator/validator.go:116.45,117.53 1 3
github.com/KarolosLykos/json-validation-service/internal/service/validator/validator.go:126.2,126.12 1 0
github.com/KarolosLykos/json-validation-service/internal/service/validator/validator.go:117.53,119.31 2 3
github.com/KarolosLykos/json-validation-service/internal/service/validator/validator.go:123.3,123.60 1 3
github.com/KarolosLykos/json-validation-service/internal/service/validator/validator.go:119.31,121.4 1 3
